<?xml version="1.0" encoding="UTF-8"?>
<!-- Generated by org.testng.reporters.JUnitXMLReporter -->
<testsuite hostname="DESKTOP-JBRJEPQ" failures="1" tests="1" name="Surefire test" time="217.457" errors="0" timestamp="29 Nov 2022 08:49:25 GMT">
  <testcase classname="project1.mxplayerproject1" name="tc1" time="205.39">
    <failure type="org.openqa.selenium.ElementClickInterceptedException" message="element click intercepted: Element &amp;lt;svg viewBox=&amp;quot;0 0 24 24&amp;quot; class=&amp;quot;checkbox-passive&amp;quot;&amp;gt;...&amp;lt;/svg&amp;gt; is not clickable at point (934, 221). Other element would receive the click: &amp;lt;div class=&amp;quot;browse-header-section&amp;quot;&amp;gt;...&amp;lt;/div&amp;gt;
  (Session info: chrome=107.0.5304.122)
Build info: version: &amp;apos;4.5.0&amp;apos;, revision: &amp;apos;fe167b119a&amp;apos;
System info: os.name: &amp;apos;Windows 10&amp;apos;, os.arch: &amp;apos;amd64&amp;apos;, os.version: &amp;apos;10.0&amp;apos;, java.version: &amp;apos;19.0.1&amp;apos;
Driver info: org.openqa.selenium.chrome.ChromeDriver
Command: [15b9e411133b5402f671d8d3e05a1f6b, clickElement {id=e7797818-dce9-4315-ac22-a8fc510a3a08}]
Capabilities {acceptInsecureCerts: false, browserName: chrome, browserVersion: 107.0.5304.122, chrome: {chromedriverVersion: 107.0.5304.62 (1eec40d3a576..., userDataDir: C:\Users\Star\AppData\Local...}, goog:chromeOptions: {debuggerAddress: localhost:59276}, networkConnectionEnabled: false, pageLoadStrategy: normal, platformName: WINDOWS, proxy: Proxy(), se:cdp: ws://localhost:59276/devtoo..., se:cdpVersion: 107.0.5304.122, setWindowRect: true, strictFileInteractability: false, timeouts: {implicit: 0, pageLoad: 300000, script: 30000}, unhandledPromptBehavior: dismiss and notify, webauthn:extension:credBlob: true, webauthn:extension:largeBlob: true, webauthn:virtualAuthenticators: true}
Element: [[ChromeDriver: chrome on WINDOWS (15b9e411133b5402f671d8d3e05a1f6b)] -&amp;gt; xpath: //*[@class=&amp;apos;checkbox-passive&amp;apos;]]
Session ID: 15b9e411133b5402f671d8d3e05a1f6b">
      <![CDATA[org.openqa.selenium.ElementClickInterceptedException: element click intercepted: Element <svg viewBox="0 0 24 24" class="checkbox-passive">...</svg> is not clickable at point (934, 221). Other element would receive the click: <div class="browse-header-section">...</div>
  (Session info: chrome=107.0.5304.122)
Build info: version: '4.5.0', revision: 'fe167b119a'
System info: os.name: 'Windows 10', os.arch: 'amd64', os.version: '10.0', java.version: '19.0.1'
Driver info: org.openqa.selenium.chrome.ChromeDriver
Command: [15b9e411133b5402f671d8d3e05a1f6b, clickElement {id=e7797818-dce9-4315-ac22-a8fc510a3a08}]
Capabilities {acceptInsecureCerts: false, browserName: chrome, browserVersion: 107.0.5304.122, chrome: {chromedriverVersion: 107.0.5304.62 (1eec40d3a576..., userDataDir: C:\Users\Star\AppData\Local...}, goog:chromeOptions: {debuggerAddress: localhost:59276}, networkConnectionEnabled: false, pageLoadStrategy: normal, platformName: WINDOWS, proxy: Proxy(), se:cdp: ws://localhost:59276/devtoo..., se:cdpVersion: 107.0.5304.122, setWindowRect: true, strictFileInteractability: false, timeouts: {implicit: 0, pageLoad: 300000, script: 30000}, unhandledPromptBehavior: dismiss and notify, webauthn:extension:credBlob: true, webauthn:extension:largeBlob: true, webauthn:virtualAuthenticators: true}
Element: [[ChromeDriver: chrome on WINDOWS (15b9e411133b5402f671d8d3e05a1f6b)] -> xpath: //*[@class='checkbox-passive']]
Session ID: 15b9e411133b5402f671d8d3e05a1f6b
	at org.openqa.selenium.remote.codec.w3c.W3CHttpResponseCodec.createException(W3CHttpResponseCodec.java:200)
	at org.openqa.selenium.remote.codec.w3c.W3CHttpResponseCodec.decode(W3CHttpResponseCodec.java:133)
	at org.openqa.selenium.remote.codec.w3c.W3CHttpResponseCodec.decode(W3CHttpResponseCodec.java:53)
	at org.openqa.selenium.remote.HttpCommandExecutor.execute(HttpCommandExecutor.java:184)
	at org.openqa.selenium.remote.service.DriverCommandExecutor.invokeExecute(DriverCommandExecutor.java:167)
	at org.openqa.selenium.remote.service.DriverCommandExecutor.execute(DriverCommandExecutor.java:142)
	at org.openqa.selenium.remote.RemoteWebDriver.execute(RemoteWebDriver.java:547)
	at org.openqa.selenium.remote.RemoteWebElement.execute(RemoteWebElement.java:257)
	at org.openqa.selenium.remote.RemoteWebElement.click(RemoteWebElement.java:78)
	at project1.mxplayerproject1.tc1(mxplayerproject1.java:173)
... Removed 30 stack frames]]>
    </failure>
  </testcase> <!-- tc1 -->
</testsuite> <!-- Surefire test -->
